<?xml version="1.0" encoding="UTF-8"?>
<!-- Generated by org.testng.reporters.JUnitReportReporter -->
<testsuite hostname="BAVANI" failures="0" tests="1" name="TaskScripts.TaskFourScripts" time="14.098" errors="0" timestamp="2024-06-11T10:01:41 IST" skipped="0">
  <testcase classname="TaskScripts.TaskFourScripts" name="wishlistToAddToCard" time="14.098"/>
  <system-out>
    <![CDATA[Product Selected
Add to Wishlist
Wishlist
Quantity Set
Add to card]]>
  </system-out>
</testsuite> <!-- TaskScripts.TaskFourScripts -->
