<?xml version="1.0" encoding="UTF-8"?>
<!-- Generated by org.testng.reporters.JUnitReportReporter -->
<testsuite hostname="BAVANI" failures="0" tests="1" name="TaskScripts.TaskOneScripts" time="10.131" errors="0" timestamp="2024-06-11T11:20:54 IST" skipped="0">
  <testcase classname="TaskScripts.TaskOneScripts" name="addToCart" time="10.131"/>
  <system-out>
    <![CDATA[Add to card]]>
  </system-out>
</testsuite> <!-- TaskScripts.TaskOneScripts -->
