<?xml version="1.0" encoding="UTF-8"?>
<!-- Generated by org.testng.reporters.JUnitReportReporter -->
<testsuite hostname="BAVANI" failures="0" tests="1" name="testScripts.UpdateAddress" time="8.490" errors="0" timestamp="2024-06-11T11:49:02 IST" skipped="0">
  <testcase classname="testScripts.UpdateAddress" name="updateAddress" time="8.490"/>
  <system-out>
    <![CDATA[Update Address]]>
  </system-out>
</testsuite> <!-- testScripts.UpdateAddress -->
