<?xml version="1.0" encoding="UTF-8"?>
<!-- Generated by org.testng.reporters.JUnitReportReporter -->
<testsuite hostname="BAVANI" failures="0" tests="1" name="TaskScripts.TaskThreeScripts" time="15.384" errors="0" timestamp="2024-06-11T10:01:12 IST" skipped="0">
  <testcase classname="TaskScripts.TaskThreeScripts" name="addToCompare" time="15.384"/>
  <system-out>
    <![CDATA[Add to Compare
Remove]]>
  </system-out>
</testsuite> <!-- TaskScripts.TaskThreeScripts -->
