<?xml version="1.0" encoding="UTF-8"?>
<!-- Generated by org.testng.reporters.JUnitReportReporter -->
<testsuite hostname="BAVANI" failures="0" tests="1" name="TaskScripts.TaskTwoScripts" time="8.889" errors="0" timestamp="2024-06-11T10:00:41 IST" skipped="0">
  <testcase classname="TaskScripts.TaskTwoScripts" name="checkOut" time="8.889"/>
  <system-out>
    <![CDATA[Add to card
Shopping card
Quantity set
CheckOut]]>
  </system-out>
</testsuite> <!-- TaskScripts.TaskTwoScripts -->
