<?xml version="1.0" encoding="UTF-8"?>
<!-- Generated by org.testng.reporters.JUnitReportReporter -->
<testsuite hostname="BAVANI" failures="0" tests="1" name="testScripts.AddAddress" time="8.312" errors="0" timestamp="2024-06-11T11:49:02 IST" skipped="0">
  <testcase classname="testScripts.AddAddress" name="addAddress" time="8.312"/>
  <system-out>
    <![CDATA[Add Address]]>
  </system-out>
</testsuite> <!-- testScripts.AddAddress -->
