<?xml version="1.0" encoding="UTF-8"?>
<!-- Generated by org.testng.reporters.JUnitReportReporter -->
<testsuite hostname="BAVANI" failures="0" tests="1" name="testScripts.Dummy" time="7.469" errors="0" timestamp="2024-06-10T20:57:37 IST" skipped="0">
  <testcase classname="testScripts.Dummy" name="addAddress" time="7.469"/>
  <system-out>
    <![CDATA[Add Address]]>
  </system-out>
</testsuite> <!-- testScripts.Dummy -->
