<?xml version="1.0" encoding="UTF-8"?>
<!-- Generated by org.testng.reporters.JUnitReportReporter -->
<testsuite hostname="BAVANI" failures="0" tests="1" name="testScripts.DeleteAddress" time="13.842" errors="0" timestamp="2024-06-11T11:49:02 IST" skipped="0">
  <testcase classname="testScripts.DeleteAddress" name="deleteAddress" time="13.842"/>
  <system-out>
    <![CDATA[Delete Address]]>
  </system-out>
</testsuite> <!-- testScripts.DeleteAddress -->
