<?xml version="1.0" encoding="UTF-8"?>
<!-- Generated by org.testng.reporters.JUnitReportReporter -->
<testsuite hostname="BAVANI" failures="0" tests="2" name="testScriptsGroup.AddAddress" time="15.413" errors="0" timestamp="2024-06-11T12:55:27 IST" skipped="0">
  <testcase classname="testScriptsGroup.AddAddress" name="addAddress" time="7.556"/>
  <system-out>
    <![CDATA[Add Address]]>
  </system-out>
  <testcase classname="testScriptsGroup.AddAddress" name="addAddress" time="7.857"/>
  <system-out>
    <![CDATA[Add Address]]>
  </system-out>
</testsuite> <!-- testScriptsGroup.AddAddress -->
